
Showing logs for build [32mcb-kubecd-environment-pr-185-27-tqf5v-1[0m stage [32mfrom-build-pack[0m and container [32mstep-credential-initializer-9xcr6[0m
{"level":"warn","ts":1584638068.7790942,"logger":"fallback-logger","caller":"logging/config.go:69","msg":"Fetch GitHub commit ID from kodata failed: \"ref: refs/heads/0.8.0-**-support-backwards-incompats\" is not a valid GitHub commit ID"}
{"level":"info","ts":1584638068.7796252,"logger":"fallback-logger","caller":"creds-init/main.go:40","msg":"Credentials initialized."}

Showing logs for build [32mcb-kubecd-environment-pr-185-27-tqf5v-1[0m stage [32mfrom-build-pack[0m and container [32mstep-working-dir-initializer-kmw2v[0m
{"level":"warn","ts":1584638069.786446,"logger":"fallback-logger","caller":"logging/config.go:69","msg":"Fetch GitHub commit ID from kodata failed: open /var/run/ko/HEAD: no such file or directory"}
{"level":"info","ts":1584638069.7884343,"logger":"fallback-logger","caller":"bash/main.go:64","msg":"Successfully executed command \"sh -c mkdir -p /workspace/source\"; output "}

Showing logs for build [32mcb-kubecd-environment-pr-185-27-tqf5v-1[0m stage [32mfrom-build-pack[0m and container [32mstep-place-tools[0m

Showing logs for build [32mcb-kubecd-environment-pr-185-27-tqf5v-1[0m stage [32mfrom-build-pack[0m and container [32mstep-git-source-cb-kubecd-environment-pr-185-27-tqf5v-lt9gz[0m
{"level":"warn","ts":1584638073.8722892,"logger":"fallback-logger","caller":"logging/config.go:69","msg":"Fetch GitHub commit ID from kodata failed: \"ref: refs/heads/0.8.0-**-support-backwards-incompats\" is not a valid GitHub commit ID"}
{"level":"info","ts":1584638074.8775206,"logger":"fallback-logger","caller":"git/git.go:103","msg":"Successfully cloned https://github.com/cb-kubecd/environment-pr-185-27-boot-vault-gke-production.git @ master in path /workspace/source"}

Showing logs for build [32mcb-kubecd-environment-pr-185-27-tqf5v-1[0m stage [32mfrom-build-pack[0m and container [32mstep-git-merge[0m
Using SHAs from PULL_REFS=master:bbc1c7107ff721106403fa46f15e37b7a62e159b,1:ea5f4af5f8c8e77b3bb5b546b11fbd726c797c35
DEBUG: LC_ALL=C JX_LOG_LEVEL=error git fetch origin --unshallow ea5f4af5f8c8e77b3bb5b546b11fbd726c797c35: bbc1c7107ff721106403fa46f15e37b7a62e159b:
DEBUG: ran git fetch --unshallow origin ea5f4af5f8c8e77b3bb5b546b11fbd726c797c35: bbc1c7107ff721106403fa46f15e37b7a62e159b: in 
DEBUG: LC_ALL=C JX_LOG_LEVEL=error git branch
DEBUG: LC_ALL=C JX_LOG_LEVEL=error git checkout master
DEBUG: ran git checkout master in 
DEBUG: LC_ALL=C JX_LOG_LEVEL=error git reset --hard bbc1c7107ff721106403fa46f15e37b7a62e159b
DEBUG: ran git reset --hard bbc1c7107ff721106403fa46f15e37b7a62e159b in 
DEBUG: LC_ALL=C JX_LOG_LEVEL=error git clean -fd .
DEBUG: ran clean --force -d . in 
DEBUG: LC_ALL=C JX_LOG_LEVEL=error git merge ea5f4af5f8c8e77b3bb5b546b11fbd726c797c35
DEBUG: ran git merge ea5f4af5f8c8e77b3bb5b546b11fbd726c797c35 in 
DEBUG: LC_ALL=C JX_LOG_LEVEL=error git log --format=%H%x1f%an%x1f%ae%x1f%cn%x1f%ce%x1f%s%n%b%x1e bbc1c7107ff721106403fa46f15e37b7a62e159b..HEAD
Merged SHA ea5f4af5f8c8e77b3bb5b546b11fbd726c797c35 with commit message 'chore: Promote bdd-spring-1584636912 to version 0.0.1' into base branch master

Showing logs for build [32mcb-kubecd-environment-pr-185-27-tqf5v-1[0m stage [32mfrom-build-pack[0m and container [32mstep-build-helm-build[0m
WARNING: No $CHART_REPOSITORY defined so using the default value of: http://jenkins-x-chartmuseum:8080
Adding missing Helm repo: storage.googleapis.com https://storage.googleapis.com/chartmuseum.jenkins-x.io
WARNING: No secrets found on "helm/repos" due: reading the secret "helm/repos" from vault: no secret "helm/repos" not found in vault
Read credentials for https://storage.googleapis.com/chartmuseum.jenkins-x.io from vault helm/repos
Successfully added Helm repository storage.googleapis.com.
Adding missing Helm repo: jenkins-x-chartmuseum http://jenkins-x-chartmuseum:8080
WARNING: No secrets found on "helm/repos" due: reading the secret "helm/repos" from vault: no secret "helm/repos" not found in vault
Read credentials for http://jenkins-x-chartmuseum:8080 from vault helm/repos
Successfully added Helm repository jenkins-x-chartmuseum.
WARNING: No $CHART_REPOSITORY defined so using the default value of: http://jenkins-x-chartmuseum:8080
Adding missing Helm repo: chartmuseum.jenkins-x.io http://chartmuseum.jenkins-x.io
WARNING: No secrets found on "helm/repos" due: reading the secret "helm/repos" from vault: no secret "helm/repos" not found in vault
Read credentials for http://chartmuseum.jenkins-x.io from vault helm/repos
Successfully added Helm repository chartmuseum.jenkins-x.io.
